<?xml version="1.0" encoding="UTF-8"?>
<testng-results ignored="0" total="4" passed="3" failed="1" skipped="0">
  <reporter-output>
  </reporter-output>
  <suite started-at="2026-03-21T09:02:11 IST" name="Suite" finished-at="2026-03-21T09:03:32 IST" duration-ms="80671">
    <groups>
      <group name="Smoke">
        <method signature="GeneralStoreApk_Hybrid.FillForm(java.util.HashMap)[pri:0, instance:com.qa.generalstore_apkautomation.GeneralStoreApk_Hybrid@352ff4da]" name="FillForm" class="com.qa.generalstore_apkautomation.GeneralStoreApk_Hybrid"/>
      </group> <!-- Smoke -->
    </groups>
    <test started-at="2026-03-21T09:02:11 IST" name="HomepageValidation" finished-at="2026-03-21T09:02:43 IST" duration-ms="32516">
      <class name="com.qa.generalstore_apkautomation.GeneralStoreApk">
        <test-method is-config="true" signature="setupAppium()[pri:0, instance:com.qa.generalstore_apkautomation.GeneralStoreApk@4bff7da0]" started-at="2026-03-21T09:02:11 IST" name="setupAppium" finished-at="2026-03-21T09:02:22 IST" duration-ms="11270" status="PASS">
          <reporter-output>
          </reporter-output>
        </test-method> <!-- setupAppium -->
        <test-method signature="fillDetails_ErrorValidation()[pri:0, instance:com.qa.generalstore_apkautomation.GeneralStoreApk@4bff7da0]" started-at="2026-03-21T09:02:22 IST" name="fillDetails_ErrorValidation" finished-at="2026-03-21T09:02:28 IST" duration-ms="6215" status="FAIL">
          <exception class="java.lang.AssertionError">
            <message>
              <![CDATA[expected [Please - your name] but found [Please enter your name]]]>
            </message>
            <full-stacktrace>
              <![CDATA[java.lang.AssertionError: expected [Please - your name] but found [Please enter your name]
at org.testng.Assert.fail(Assert.java:111)
at org.testng.Assert.failNotEquals(Assert.java:1590)
at org.testng.Assert.assertEqualsImpl(Assert.java:150)
at org.testng.Assert.assertEquals(Assert.java:132)
at org.testng.Assert.assertEquals(Assert.java:656)
at org.testng.Assert.assertEquals(Assert.java:666)
at com.qa.generalstore_apkautomation.GeneralStoreApk.fillDetails_ErrorValidation(GeneralStoreApk.java:23)
at java.base/jdk.internal.reflect.DirectMethodHandleAccessor.invoke(DirectMethodHandleAccessor.java:103)
at java.base/java.lang.reflect.Method.invoke(Method.java:580)
at org.testng.internal.invokers.MethodInvocationHelper.invokeMethod(MethodInvocationHelper.java:141)
at org.testng.internal.invokers.TestInvoker.invokeMethod(TestInvoker.java:687)
at org.testng.internal.invokers.TestInvoker.invokeTestMethod(TestInvoker.java:230)
at org.testng.internal.invokers.MethodRunner.runInSequence(MethodRunner.java:63)
at org.testng.internal.invokers.TestInvoker$MethodInvocationAgent.invoke(TestInvoker.java:995)
at org.testng.internal.invokers.TestInvoker.invokeTestMethods(TestInvoker.java:203)
at org.testng.internal.invokers.TestMethodWorker.invokeTestMethods(TestMethodWorker.java:154)
at org.testng.internal.invokers.TestMethodWorker.run(TestMethodWorker.java:134)
at java.base/java.util.ArrayList.forEach(ArrayList.java:1596)
at org.testng.TestRunner.privateRun(TestRunner.java:741)
at org.testng.TestRunner.run(TestRunner.java:616)
at org.testng.SuiteRunner.runTest(SuiteRunner.java:421)
at org.testng.SuiteRunner.runSequentially(SuiteRunner.java:413)
at org.testng.SuiteRunner.privateRun(SuiteRunner.java:373)
at org.testng.SuiteRunner.run(SuiteRunner.java:312)
at org.testng.SuiteRunnerWorker.runSuite(SuiteRunnerWorker.java:52)
at org.testng.SuiteRunnerWorker.run(SuiteRunnerWorker.java:95)
at org.testng.TestNG.runSuitesSequentially(TestNG.java:1274)
at org.testng.TestNG.runSuitesLocally(TestNG.java:1208)
at org.testng.TestNG.runSuites(TestNG.java:1112)
at org.testng.TestNG.run(TestNG.java:1079)
at org.testng.remote.AbstractRemoteTestNG.run(AbstractRemoteTestNG.java:115)
at org.testng.remote.RemoteTestNG.initAndRun(RemoteTestNG.java:293)
at org.testng.remote.RemoteTestNG.main(RemoteTestNG.java:91)
]]>
            </full-stacktrace>
          </exception> <!-- java.lang.AssertionError -->
          <reporter-output>
          </reporter-output>
        </test-method> <!-- fillDetails_ErrorValidation -->
        <test-method signature="fillDetails_PositiveFlow()[pri:0, instance:com.qa.generalstore_apkautomation.GeneralStoreApk@4bff7da0]" started-at="2026-03-21T09:02:29 IST" name="fillDetails_PositiveFlow" finished-at="2026-03-21T09:02:43 IST" duration-ms="13523" status="PASS">
          <reporter-output>
          </reporter-output>
        </test-method> <!-- fillDetails_PositiveFlow -->
        <test-method is-config="true" signature="tearDown()[pri:0, instance:com.qa.generalstore_apkautomation.GeneralStoreApk@4bff7da0]" started-at="2026-03-21T09:02:43 IST" name="tearDown" finished-at="2026-03-21T09:02:43 IST" duration-ms="770" status="PASS">
          <reporter-output>
          </reporter-output>
        </test-method> <!-- tearDown -->
      </class> <!-- com.qa.generalstore_apkautomation.GeneralStoreApk -->
    </test> <!-- HomepageValidation -->
    <test started-at="2026-03-21T09:02:44 IST" name="PurchaseItems" finished-at="2026-03-21T09:03:32 IST" duration-ms="47753">
      <class name="com.qa.generalstore_apkautomation.GeneralStoreApk_Hybrid">
        <test-method is-config="true" signature="setupAppium()[pri:0, instance:com.qa.generalstore_apkautomation.GeneralStoreApk_Hybrid@352ff4da]" started-at="2026-03-21T09:02:44 IST" name="setupAppium" finished-at="2026-03-21T09:02:52 IST" duration-ms="7837" status="PASS">
          <reporter-output>
          </reporter-output>
        </test-method> <!-- setupAppium -->
        <test-method signature="FillForm(java.util.HashMap)[pri:0, instance:com.qa.generalstore_apkautomation.GeneralStoreApk_Hybrid@352ff4da]" started-at="2026-03-21T09:02:52 IST" name="FillForm" data-provider="getData" finished-at="2026-03-21T09:03:14 IST" duration-ms="22476" status="PASS">
          <params>
            <param index="0">
              <value>
                <![CDATA[{name=Shiv Babu, country=American Samoa, search=English Quotes, gender=Female}]]>
              </value>
            </param>
          </params>
          <reporter-output>
          </reporter-output>
        </test-method> <!-- FillForm -->
        <test-method signature="FillForm(java.util.HashMap)[pri:0, instance:com.qa.generalstore_apkautomation.GeneralStoreApk_Hybrid@352ff4da]" started-at="2026-03-21T09:03:14 IST" name="FillForm" data-provider="getData" finished-at="2026-03-21T09:03:31 IST" duration-ms="16566" status="PASS">
          <params>
            <param index="0">
              <value>
                <![CDATA[{name=shiva, country=American Samoa, search=English Quotes about life, gender=Male}]]>
              </value>
            </param>
          </params>
          <reporter-output>
          </reporter-output>
        </test-method> <!-- FillForm -->
        <test-method is-config="true" signature="tearDown()[pri:0, instance:com.qa.generalstore_apkautomation.GeneralStoreApk_Hybrid@352ff4da]" started-at="2026-03-21T09:03:31 IST" name="tearDown" finished-at="2026-03-21T09:03:32 IST" duration-ms="598" status="PASS">
          <reporter-output>
          </reporter-output>
        </test-method> <!-- tearDown -->
      </class> <!-- com.qa.generalstore_apkautomation.GeneralStoreApk_Hybrid -->
    </test> <!-- PurchaseItems -->
  </suite> <!-- Suite -->
</testng-results>
