<?xml version="1.0" encoding="UTF-8"?>
<!-- Generated by org.testng.reporters.JUnitReportReporter -->
<testsuite hostname="DESKTOP-30LL2TD" failures="0" tests="2" name="com.qa.generalstore_apkautomation.GeneralStoreApk_Hybrid" time="39.042" errors="0" timestamp="2026-03-21T09:03:32 IST" skipped="0">
  <testcase classname="com.qa.generalstore_apkautomation.GeneralStoreApk_Hybrid" name="FillForm" time="22.476"/>
  <testcase classname="com.qa.generalstore_apkautomation.GeneralStoreApk_Hybrid" name="FillForm" time="16.566"/>
</testsuite> <!-- com.qa.generalstore_apkautomation.GeneralStoreApk_Hybrid -->
