<?xml version="1.0" encoding="UTF-8"?>
<!-- Generated by org.testng.reporters.JUnitReportReporter -->
<testsuite hostname="DESKTOP-30LL2TD" failures="0" tests="2" name="com.qa.generalstore_apkautomation.E2E_GeneralStoreFlow" time="20.159" errors="0" timestamp="2026-03-21T00:17:12 IST" skipped="0">
  <testcase classname="com.qa.generalstore_apkautomation.E2E_GeneralStoreFlow" name="fillDetails_PositiveFlow" time="13.664"/>
  <testcase classname="com.qa.generalstore_apkautomation.E2E_GeneralStoreFlow" name="fillDetails_ErrorValidation" time="6.495"/>
</testsuite> <!-- com.qa.generalstore_apkautomation.E2E_GeneralStoreFlow -->
