<?xml version="1.0" encoding="UTF-8"?>
<!-- Generated by org.testng.reporters.JUnitXMLReporter -->
<testsuite ignored="0" hostname="DESKTOP-30LL2TD" failures="1" tests="2" name="HomepageValidation" time="32.516" errors="0" timestamp="2026-03-21T09:02:44 IST">
  <testcase classname="com.qa.generalstore_apkautomation.GeneralStoreApk" name="fillDetails_ErrorValidation" time="6.215">
    <failure type="java.lang.AssertionError" message="expected [Please - your name] but found [Please enter your name]">
      <![CDATA[java.lang.AssertionError: expected [Please - your name] but found [Please enter your name]
at com.qa.generalstore_apkautomation.GeneralStoreApk.fillDetails_ErrorValidation(GeneralStoreApk.java:23)
at java.base/java.util.ArrayList.forEach(ArrayList.java:1596)
... Removed 31 stack frames]]>
    </failure>
  </testcase> <!-- fillDetails_ErrorValidation -->
  <testcase classname="com.qa.generalstore_apkautomation.GeneralStoreApk" name="fillDetails_PositiveFlow" time="13.523"/>
</testsuite> <!-- HomepageValidation -->
