<?xml version="1.0" encoding="UTF-8"?>
<!-- Generated by org.testng.reporters.JUnitXMLReporter -->
<testsuite ignored="0" hostname="DESKTOP-30LL2TD" failures="0" tests="2" name="PurchaseItems" time="47.753" errors="0" timestamp="2026-03-21T09:03:32 IST">
  <testcase classname="com.qa.generalstore_apkautomation.GeneralStoreApk_Hybrid" name="FillForm" time="22.476"/>
  <testcase classname="com.qa.generalstore_apkautomation.GeneralStoreApk_Hybrid" name="FillForm" time="16.566"/>
</testsuite> <!-- PurchaseItems -->
